<?xml version="1.0" encoding="UTF-8"?>
<testsuite name="dev.rakeshmistry.server.ServerTest" tests="1" skipped="0" failures="0" errors="0" timestamp="2021-01-22T12:40:52" hostname="UKC02ZVG9NMD6M" time="1.062">
  <properties/>
  <testcase name="should_start_server()" classname="dev.rakeshmistry.server.ServerTest" time="1.062"/>
  <system-out><![CDATA[Server started on port:3000
Connection accepted
Received : Test
]]></system-out>
  <system-err><![CDATA[]]></system-err>
</testsuite>
